# JRE version: Java(TM) SE Runtime Environment (8.0_231-b11) (build 1.8.0_231-b11)
# Java VM: Java HotSpot(TM) 64-Bit Server VM (25.231-b11 mixed mode windows-amd64 compressed oops)
Heap:
 PSYoungGen      total 49664K, used 5913K [0x00000000e0980000, 0x00000000e5200000, 0x0000000100000000)
  eden space 45568K, 3% used [0x00000000e0980000,0x00000000e0b47438,0x00000000e3600000)
  from space 4096K, 99% used [0x00000000e3980000,0x00000000e3d7f0f0,0x00000000e3d80000)
  to   space 14336K, 0% used [0x00000000e4400000,0x00000000e4400000,0x00000000e5200000)
 ParOldGen       total 202240K, used 162726K [0x00000000a1c00000, 0x00000000ae180000, 0x00000000e0980000)
  object space 202240K, 80% used [0x00000000a1c00000,0x00000000abae9b18,0x00000000ae180000)
 Metaspace       used 26573K, capacity 27818K, committed 27904K, reserved 1073152K
  class space    used 3484K, capacity 3762K, committed 3840K, reserved 1048576K
GC Heap History (10 events):
Event: 5.146 GC heap before
{Heap before GC invocations=2 (full 0):
 PSYoungGen      total 28672K, used 28640K [0x00000000e0980000, 0x00000000e2980000, 0x0000000100000000)
  eden space 24576K, 100% used [0x00000000e0980000,0x00000000e2180000,0x00000000e2180000)
  from space 4096K, 99% used [0x00000000e2180000,0x00000000e2578030,0x00000000e2580000)
  to   space 4096K, 0% used [0x00000000e2580000,0x00000000e2580000,0x00000000e2980000)
 ParOldGen       total 136192K, used 72376K [0x00000000a1c00000, 0x00000000aa100000, 0x00000000e0980000)
  object space 136192K, 53% used [0x00000000a1c00000,0x00000000a62ae280,0x00000000aa100000)
 Metaspace       used 18906K, capacity 19428K, committed 19712K, reserved 1067008K
  class space    used 2362K, capacity 2529K, committed 2560K, reserved 1048576K
Event: 5.157 GC heap after
Heap after GC invocations=2 (full 0):
 PSYoungGen      total 28672K, used 4081K [0x00000000e0980000, 0x00000000e2980000, 0x0000000100000000)
  eden space 24576K, 0% used [0x00000000e0980000,0x00000000e0980000,0x00000000e2180000)
  from space 4096K, 99% used [0x00000000e2580000,0x00000000e297c718,0x00000000e2980000)
  to   space 4096K, 0% used [0x00000000e2180000,0x00000000e2180000,0x00000000e2580000)
 ParOldGen       total 136192K, used 76636K [0x00000000a1c00000, 0x00000000aa100000, 0x00000000e0980000)
  object space 136192K, 56% used [0x00000000a1c00000,0x00000000a66d73c0,0x00000000aa100000)
 Metaspace       used 18906K, capacity 19428K, committed 19712K, reserved 1067008K
  class space    used 2362K, capacity 2529K, committed 2560K, reserved 1048576K
}
Event: 5.457 GC heap before
{Heap before GC invocations=3 (full 0):
 PSYoungGen      total 28672K, used 8972K [0x00000000e0980000, 0x00000000e2980000, 0x0000000100000000)
  eden space 24576K, 19% used [0x00000000e0980000,0x00000000e0e46a70,0x00000000e2180000)
  from space 4096K, 99% used [0x00000000e2580000,0x00000000e297c718,0x00000000e2980000)
  to   space 4096K, 0% used [0x00000000e2180000,0x00000000e2180000,0x00000000e2580000)
 ParOldGen       total 136192K, used 76636K [0x00000000a1c00000, 0x00000000aa100000, 0x00000000e0980000)
  object space 136192K, 56% used [0x00000000a1c00000,0x00000000a66d73c0,0x00000000aa100000)
 Metaspace       used 20519K, capacity 21148K, committed 21248K, reserved 1067008K
  class space    used 2636K, capacity 2811K, committed 2816K, reserved 1048576K
Event: 5.465 GC heap after
Heap after GC invocations=3 (full 0):
 PSYoungGen      total 28672K, used 4081K [0x00000000e0980000, 0x00000000e4180000, 0x0000000100000000)
  eden space 24576K, 0% used [0x00000000e0980000,0x00000000e0980000,0x00000000e2180000)
  from space 4096K, 99% used [0x00000000e2180000,0x00000000e257c738,0x00000000e2580000)
  to   space 4096K, 0% used [0x00000000e3d80000,0x00000000e3d80000,0x00000000e4180000)
 ParOldGen       total 136192K, used 77028K [0x00000000a1c00000, 0x00000000aa100000, 0x00000000e0980000)
  object space 136192K, 56% used [0x00000000a1c00000,0x00000000a67393c0,0x00000000aa100000)
 Metaspace       used 20519K, capacity 21148K, committed 21248K, reserved 1067008K
  class space    used 2636K, capacity 2811K, committed 2816K, reserved 1048576K
}
Event: 5.465 GC heap before
{Heap before GC invocations=4 (full 1):
 PSYoungGen      total 28672K, used 4081K [0x00000000e0980000, 0x00000000e4180000, 0x0000000100000000)
  eden space 24576K, 0% used [0x00000000e0980000,0x00000000e0980000,0x00000000e2180000)
  from space 4096K, 99% used [0x00000000e2180000,0x00000000e257c738,0x00000000e2580000)
  to   space 4096K, 0% used [0x00000000e3d80000,0x00000000e3d80000,0x00000000e4180000)
 ParOldGen       total 136192K, used 77028K [0x00000000a1c00000, 0x00000000aa100000, 0x00000000e0980000)
  object space 136192K, 56% used [0x00000000a1c00000,0x00000000a67393c0,0x00000000aa100000)
 Metaspace       used 20519K, capacity 21148K, committed 21248K, reserved 1067008K
  class space    used 2636K, capacity 2811K, committed 2816K, reserved 1048576K
Event: 5.534 GC heap after
Heap after GC invocations=4 (full 1):
 PSYoungGen      total 28672K, used 0K [0x00000000e0980000, 0x00000000e4180000, 0x0000000100000000)
  eden space 24576K, 0% used [0x00000000e0980000,0x00000000e0980000,0x00000000e2180000)
  from space 4096K, 0% used [0x00000000e2180000,0x00000000e2180000,0x00000000e2580000)
  to   space 4096K, 0% used [0x00000000e3d80000,0x00000000e3d80000,0x00000000e4180000)
 ParOldGen       total 131584K, used 78146K [0x00000000a1c00000, 0x00000000a9c80000, 0x00000000e0980000)
  object space 131584K, 59% used [0x00000000a1c00000,0x00000000a6850ba0,0x00000000a9c80000)
 Metaspace       used 20519K, capacity 21148K, committed 21248K, reserved 1067008K
  class space    used 2636K, capacity 2811K, committed 2816K, reserved 1048576K
}
Event: 38.828 GC heap before
{Heap before GC invocations=5 (full 1):
 PSYoungGen      total 28672K, used 24576K [0x00000000e0980000, 0x00000000e4180000, 0x0000000100000000)
  eden space 24576K, 100% used [0x00000000e0980000,0x00000000e2180000,0x00000000e2180000)
  from space 4096K, 0% used [0x00000000e2180000,0x00000000e2180000,0x00000000e2580000)
  to   space 4096K, 0% used [0x00000000e3d80000,0x00000000e3d80000,0x00000000e4180000)
 ParOldGen       total 131584K, used 78146K [0x00000000a1c00000, 0x00000000a9c80000, 0x00000000e0980000)
  object space 131584K, 59% used [0x00000000a1c00000,0x00000000a6850ba0,0x00000000a9c80000)
 Metaspace       used 24624K, capacity 25536K, committed 25856K, reserved 1071104K
  class space    used 3268K, capacity 3493K, committed 3584K, reserved 1048576K
Event: 38.837 GC heap after
Heap after GC invocations=5 (full 1):
 PSYoungGen      total 38400K, used 4091K [0x00000000e0980000, 0x00000000e4180000, 0x0000000100000000)
  eden space 34304K, 0% used [0x00000000e0980000,0x00000000e0980000,0x00000000e2b00000)
  from space 4096K, 99% used [0x00000000e3d80000,0x00000000e417ef28,0x00000000e4180000)
  to   space 4096K, 0% used [0x00000000e3980000,0x00000000e3980000,0x00000000e3d80000)
 ParOldGen       total 131584K, used 83494K [0x00000000a1c00000, 0x00000000a9c80000, 0x00000000e0980000)
  object space 131584K, 63% used [0x00000000a1c00000,0x00000000a6d89ac0,0x00000000a9c80000)
 Metaspace       used 24624K, capacity 25536K, committed 25856K, reserved 1071104K
  class space    used 3268K, capacity 3493K, committed 3584K, reserved 1048576K
}
Event: 112.473 GC heap before
{Heap before GC invocations=6 (full 1):
 PSYoungGen      total 38400K, used 38395K [0x00000000e0980000, 0x00000000e4180000, 0x0000000100000000)
  eden space 34304K, 100% used [0x00000000e0980000,0x00000000e2b00000,0x00000000e2b00000)
  from space 4096K, 99% used [0x00000000e3d80000,0x00000000e417ef28,0x00000000e4180000)
  to   space 4096K, 0% used [0x00000000e3980000,0x00000000e3980000,0x00000000e3d80000)
 ParOldGen       total 202240K, used 153807K [0x00000000a1c00000, 0x00000000ae180000, 0x00000000e0980000)
  object space 202240K, 76% used [0x00000000a1c00000,0x00000000ab233cd0,0x00000000ae180000)
 Metaspace       used 26561K, capacity 27800K, committed 27904K, reserved 1073152K
  class space    used 3483K, capacity 3759K, committed 3840K, reserved 1048576K
Event: 112.484 GC heap after
Heap after GC invocations=6 (full 1):
 PSYoungGen      total 49664K, used 4092K [0x00000000e0980000, 0x00000000e5200000, 0x0000000100000000)
  eden space 45568K, 0% used [0x00000000e0980000,0x00000000e0980000,0x00000000e3600000)
  from space 4096K, 99% used [0x00000000e3980000,0x00000000e3d7f0f0,0x00000000e3d80000)
  to   space 14336K, 0% used [0x00000000e4400000,0x00000000e4400000,0x00000000e5200000)
 ParOldGen       total 202240K, used 162726K [0x00000000a1c00000, 0x00000000ae180000, 0x00000000e0980000)
  object space 202240K, 80% used [0x00000000a1c00000,0x00000000abae9b18,0x00000000ae180000)
 Metaspace       used 26561K, capacity 27800K, committed 27904K, reserved 1073152K
  class space    used 3483K, capacity 3759K, committed 3840K, reserved 1048576K
}

